<?xml version="1.0" encoding="utf-8"?><testsuites name="pytest tests"><testsuite name="pytest" errors="0" failures="0" skipped="0" tests="18" time="8.719" timestamp="2026-02-18T05:11:00.008938+00:00" hostname="agent-env-c5ccf6fb-5a3e-4d6f-9b3e-e09ac58ae87f"><testcase classname="backend.tests.test_admin_features.TestAdminLogin" name="test_admin_login_success" time="0.370" /><testcase classname="backend.tests.test_admin_features.TestAdminLogin" name="test_admin_login_invalid_password" time="0.369" /><testcase classname="backend.tests.test_admin_features.TestAdminLogin" name="test_vendor_login_success" time="0.330" /><testcase classname="backend.tests.test_admin_features.TestAdminAnalytics" name="test_get_analytics_30d" time="0.429" /><testcase classname="backend.tests.test_admin_features.TestAdminAnalytics" name="test_get_analytics_different_periods" time="0.824" /><testcase classname="backend.tests.test_admin_features.TestAdminAnalytics" name="test_analytics_requires_admin" time="0.454" /><testcase classname="backend.tests.test_admin_features.TestAdminAnalytics" name="test_analytics_without_auth" time="0.098" /><testcase classname="backend.tests.test_admin_features.TestAdminVendorsList" name="test_get_all_vendors" time="0.448" /><testcase classname="backend.tests.test_admin_features.TestAdminVendorsList" name="test_filter_vendors_by_status" time="0.913" /><testcase classname="backend.tests.test_admin_features.TestAdminVendorsList" name="test_vendors_list_requires_admin" time="0.434" /><testcase classname="backend.tests.test_admin_features.TestVendorDeactivation" name="test_deactivate_vendor" time="0.671" /><testcase classname="backend.tests.test_admin_features.TestVendorDeactivation" name="test_activate_vendor" time="0.643" /><testcase classname="backend.tests.test_admin_features.TestVendorDeactivation" name="test_deactivate_nonexistent_vendor" time="0.448" /><testcase classname="backend.tests.test_admin_features.TestVendorDeactivation" name="test_deactivate_requires_admin" time="0.444" /><testcase classname="backend.tests.test_admin_features.TestVendorApprovalAndVerification" name="test_approve_vendor" time="0.529" /><testcase classname="backend.tests.test_admin_features.TestVendorApprovalAndVerification" name="test_verify_vendor" time="0.540" /><testcase classname="backend.tests.test_admin_features.TestVendorApprovalAndVerification" name="test_unverify_vendor" time="0.536" /><testcase classname="backend.tests.test_admin_features.TestPublicVendorsEndpoint" name="test_get_public_vendors" time="0.109" /></testsuite></testsuites>