<?xml version="1.0" encoding="utf-8"?><testsuites name="pytest tests"><testsuite name="pytest" errors="0" failures="0" skipped="0" tests="12" time="4.189" timestamp="2026-02-19T06:44:09.968309+00:00" hostname="agent-env-07b2c3f8-6746-4f02-bc1c-072c9307b4d7"><testcase classname="backend.tests.test_admin_features_v13.TestAdminAuth" name="test_admin_login" time="0.381" /><testcase classname="backend.tests.test_admin_features_v13.TestAdminOrders" name="test_admin_orders_endpoint" time="0.444" /><testcase classname="backend.tests.test_admin_features_v13.TestAdminOrders" name="test_admin_orders_with_filters" time="0.101" /><testcase classname="backend.tests.test_admin_features_v13.TestAdminProducts" name="test_admin_products_list" time="0.525" /><testcase classname="backend.tests.test_admin_features_v13.TestAdminProducts" name="test_admin_create_product" time="0.410" /><testcase classname="backend.tests.test_admin_features_v13.TestAdminProducts" name="test_admin_update_product" time="0.328" /><testcase classname="backend.tests.test_admin_features_v13.TestAdminAnalytics" name="test_analytics_endpoint" time="0.455" /><testcase classname="backend.tests.test_admin_features_v13.TestAdminAnalytics" name="test_analytics_different_periods" time="0.403" /><testcase classname="backend.tests.test_admin_features_v13.TestServiceCategories" name="test_get_service_categories" time="0.095" /><testcase classname="backend.tests.test_admin_features_v13.TestServiceCategories" name="test_get_product_categories" time="0.097" /><testcase classname="backend.tests.test_admin_features_v13.TestAdminStats" name="test_admin_stats" time="0.424" /><testcase classname="backend.tests.test_admin_features_v13.TestAdminVendors" name="test_get_all_vendors" time="0.415" /></testsuite></testsuites>