<?xml version="1.0" encoding="utf-8"?><testsuites name="pytest tests"><testsuite name="pytest" errors="0" failures="1" skipped="0" tests="11" time="4.207" timestamp="2026-02-19T07:50:31.912041+00:00" hostname="agent-env-fdd0b80b-4077-4afa-aa6a-7cc48c3baf45"><testcase classname="tests.test_checkout_flow.TestAuthAndSetup" name="test_login_success" time="0.459" /><testcase classname="tests.test_checkout_flow.TestAuthAndSetup" name="test_products_available" time="0.110" /><testcase classname="tests.test_checkout_flow.TestCheckoutEndpoints" name="test_post_orders_endpoint_exists" time="0.455"><failure message="Failed: CRITICAL BUG: POST /api/orders returns 405 Method Not Allowed. The endpoint doesn't exist!">tests/test_checkout_flow.py:124: in test_post_orders_endpoint_exists
    pytest.fail("CRITICAL BUG: POST /api/orders returns 405 Method Not Allowed. The endpoint doesn't exist!")
E   Failed: CRITICAL BUG: POST /api/orders returns 405 Method Not Allowed. The endpoint doesn't exist!</failure></testcase><testcase classname="tests.test_checkout_flow.TestCheckoutEndpoints" name="test_checkout_cart_endpoint_works" time="0.789" /><testcase classname="tests.test_checkout_flow.TestCheckoutEndpoints" name="test_checkout_order_endpoint_with_valid_order" time="0.905" /><testcase classname="tests.test_checkout_flow.TestCheckoutEndpoints" name="test_checkout_order_with_invalid_order" time="0.106" /><testcase classname="tests.test_checkout_flow.TestCheckoutEndpoints" name="test_checkout_order_without_auth" time="0.103" /><testcase classname="tests.test_checkout_flow.TestCartOperations" name="test_add_to_cart" time="0.537" /><testcase classname="tests.test_checkout_flow.TestCartOperations" name="test_get_cart" time="0.110" /><testcase classname="tests.test_checkout_flow.TestOrderRetrieval" name="test_get_orders" time="0.428" /><testcase classname="tests.test_checkout_flow.TestOrderRetrieval" name="test_get_order_history" time="0.106" /></testsuite></testsuites>