<?xml version="1.0" encoding="utf-8"?><testsuites name="pytest tests"><testsuite name="pytest" errors="0" failures="0" skipped="1" tests="11" time="3.802" timestamp="2026-02-19T07:55:12.383697+00:00" hostname="agent-env-fdd0b80b-4077-4afa-aa6a-7cc48c3baf45"><testcase classname="test_checkout_flow.TestAuthAndSetup" name="test_login_success" time="0.349" /><testcase classname="test_checkout_flow.TestAuthAndSetup" name="test_products_available" time="0.098" /><testcase classname="test_checkout_flow.TestCheckoutEndpoints" name="test_post_orders_endpoint_exists" time="0.000"><skipped type="pytest.skip" message="Frontend now uses POST /api/checkout/cart instead of POST /api/orders">/app/backend/tests/test_checkout_flow.py:96: Frontend now uses POST /api/checkout/cart instead of POST /api/orders</skipped></testcase><testcase classname="test_checkout_flow.TestCheckoutEndpoints" name="test_checkout_cart_endpoint_works" time="0.900" /><testcase classname="test_checkout_flow.TestCheckoutEndpoints" name="test_checkout_order_endpoint_with_valid_order" time="0.910" /><testcase classname="test_checkout_flow.TestCheckoutEndpoints" name="test_checkout_order_with_invalid_order" time="0.131" /><testcase classname="test_checkout_flow.TestCheckoutEndpoints" name="test_checkout_order_without_auth" time="0.109" /><testcase classname="test_checkout_flow.TestCartOperations" name="test_add_to_cart" time="0.565" /><testcase classname="test_checkout_flow.TestCartOperations" name="test_get_cart" time="0.098" /><testcase classname="test_checkout_flow.TestOrderRetrieval" name="test_get_orders" time="0.436" /><testcase classname="test_checkout_flow.TestOrderRetrieval" name="test_get_order_history" time="0.105" /></testsuite></testsuites>