<?xml version="1.0" encoding="utf-8"?><testsuites name="pytest tests"><testsuite name="pytest" errors="0" failures="0" skipped="1" tests="13" time="4.767" timestamp="2026-02-18T23:22:58.432894+00:00" hostname="agent-env-2e081af7-2f8c-4c6e-95f1-40fe330a0138"><testcase classname="backend.tests.test_iteration6.TestCategoriesAndServices" name="test_get_product_categories" time="0.150" /><testcase classname="backend.tests.test_iteration6.TestCategoriesAndServices" name="test_get_service_categories" time="0.110" /><testcase classname="backend.tests.test_iteration6.TestCategoriesAndServices" name="test_get_products_by_category" time="0.279" /><testcase classname="backend.tests.test_iteration6.TestProductImages" name="test_products_have_images" time="0.136" /><testcase classname="backend.tests.test_iteration6.TestPriceAlerts" name="test_create_price_alert" time="0.659" /><testcase classname="backend.tests.test_iteration6.TestPriceAlerts" name="test_get_user_price_alerts" time="0.493" /><testcase classname="backend.tests.test_iteration6.TestPriceAlerts" name="test_price_alerts_require_auth" time="0.243" /><testcase classname="backend.tests.test_iteration6.TestPriceAlerts" name="test_admin_check_price_alerts" time="0.553" /><testcase classname="backend.tests.test_iteration6.TestPriceAlerts" name="test_admin_endpoint_requires_admin_role" time="0.629" /><testcase classname="backend.tests.test_iteration6.TestPriceDropIntegration" name="test_price_drop_triggers_alert_check" time="0.593"><skipped type="pytest.skip" message="Could not get vendor products">/app/backend/tests/test_iteration6.py:234: Could not get vendor products</skipped></testcase><testcase classname="backend.tests.test_iteration6.TestHomepageData" name="test_platform_stats" time="0.120" /><testcase classname="backend.tests.test_iteration6.TestHomepageData" name="test_recently_sold" time="0.131" /><testcase classname="backend.tests.test_iteration6.TestDeletePriceAlert" name="test_delete_price_alert" time="0.602" /></testsuite></testsuites>