<?xml version="1.0" encoding="utf-8"?><testsuites name="pytest tests"><testsuite name="pytest" errors="0" failures="3" skipped="1" tests="13" time="4.394" timestamp="2026-02-18T23:22:35.725186+00:00" hostname="agent-env-2e081af7-2f8c-4c6e-95f1-40fe330a0138"><testcase classname="backend.tests.test_iteration6.TestCategoriesAndServices" name="test_get_product_categories" time="0.224" /><testcase classname="backend.tests.test_iteration6.TestCategoriesAndServices" name="test_get_service_categories" time="0.131" /><testcase classname="backend.tests.test_iteration6.TestCategoriesAndServices" name="test_get_products_by_category" time="0.308" /><testcase classname="backend.tests.test_iteration6.TestProductImages" name="test_products_have_images" time="0.114" /><testcase classname="backend.tests.test_iteration6.TestPriceAlerts" name="test_create_price_alert" time="0.592" /><testcase classname="backend.tests.test_iteration6.TestPriceAlerts" name="test_get_user_price_alerts" time="0.523"><failure message="AssertionError: assert False&#10; +  where False = isinstance({'alerts': [{'created_at': '2026-02-18T23:22:37.128904+00:00', 'current_price': 19.99, 'id': 'b5cc17f7-e76a-47c2-bd4f-47a184ca25f0', 'is_active': True, ...}], 'count': 1}, list)">backend/tests/test_iteration6.py:159: in test_get_user_price_alerts
    assert isinstance(alerts, list)
E   AssertionError: assert False
E    +  where False = isinstance({'alerts': [{'created_at': '2026-02-18T23:22:37.128904+00:00', 'current_price': 19.99, 'id': 'b5cc17f7-e76a-47c2-bd4f-47a184ca25f0', 'is_active': True, ...}], 'count': 1}, list)</failure></testcase><testcase classname="backend.tests.test_iteration6.TestPriceAlerts" name="test_price_alerts_require_auth" time="0.242" /><testcase classname="backend.tests.test_iteration6.TestPriceAlerts" name="test_admin_check_price_alerts" time="0.482" /><testcase classname="backend.tests.test_iteration6.TestPriceAlerts" name="test_admin_endpoint_requires_admin_role" time="0.481" /><testcase classname="backend.tests.test_iteration6.TestPriceDropIntegration" name="test_price_drop_triggers_alert_check" time="0.457"><skipped type="pytest.skip" message="Could not get vendor products">/app/backend/tests/test_iteration6.py:226: Could not get vendor products</skipped></testcase><testcase classname="backend.tests.test_iteration6.TestHomepageData" name="test_platform_stats" time="0.190" /><testcase classname="backend.tests.test_iteration6.TestHomepageData" name="test_recently_sold" time="0.102"><failure message="AssertionError: assert False&#10; +  where False = isinstance({'items': [{'image': 'https://static.prod-images.emergentagent.com/jobs/a59af3ee-cb70-4fe2-b0fa-3dfc34b374c7/images/fb8db1dad61747fad8ddc73df840d4c9bf60a9d6d72b9ec7006fbc9de259786b.png', 'name': 'Ankara Print Maxi Dress', 'price': 89.99, 'product_id': '206d8069-525f-45b7-99de-223c88050ce2', ...}, {'image': 'https://static.prod-images.emergentagent.com/jobs/a59af3ee-cb70-4fe2-b0fa-3dfc34b374c7/images/6d1a3431ce92421ef8fdd7a9a50f478f62fdf1a8efd7deb6e49ac494394d8c0d.png', 'name': 'Maasai Beaded Collar Necklace', 'price': 45.0, 'product_id': '7edd1096-3e4a-4b2d-a9d1-d3d163ae8364', ...}, {'image': 'https://static.prod-images.emergentagent.com/jobs/a59af3ee-cb70-4fe2-b0fa-3dfc34b374c7/images/5136005a73e7dcd10b4284a4a60c9eb3bd7e54f93f0954c11840537ab883edad.png', 'name': 'Traditional Carved Wooden Mask', 'price': 125.0, 'product_id': 'cb426b1c-20bf-4521-8b55-3483db406c0b', ...}, {'image': 'https://static.prod-images.emergentagent.com/jobs/a59af3ee-cb70-4fe2-b0fa-3dfc34b374c7/images/83040dbb33da3add83f811386dd8ff8f0a20694c0708ccc205b7d60d9fdb52f2.png', 'name': 'Organic Shea Butter Skincare Set', 'price': 38.5, 'product_id': '491cabe9-2c89-4b32-8a6a-f7a06300b48e', ...}, {'image': 'https://static.prod-images.emergentagent.com/jobs/a59af3ee-cb70-4fe2-b0fa-3dfc34b374c7/images/303efb1d386e4e697693bf92b3cd4284943cb96796a3573b59372a005dd9f670.png', 'name': 'Kente Pattern Storage Basket', 'price': 55.0, 'product_id': '5a89deec-7583-45b9-b748-f1c0c65e62ee', ...}]}, list)">backend/tests/test_iteration6.py:295: in test_recently_sold
    assert isinstance(data, list)
E   AssertionError: assert False
E    +  where False = isinstance({'items': [{'image': 'https://static.prod-images.emergentagent.com/jobs/a59af3ee-cb70-4fe2-b0fa-3dfc34b374c7/images/fb8db1dad61747fad8ddc73df840d4c9bf60a9d6d72b9ec7006fbc9de259786b.png', 'name': 'Ankara Print Maxi Dress', 'price': 89.99, 'product_id': '206d8069-525f-45b7-99de-223c88050ce2', ...}, {'image': 'https://static.prod-images.emergentagent.com/jobs/a59af3ee-cb70-4fe2-b0fa-3dfc34b374c7/images/6d1a3431ce92421ef8fdd7a9a50f478f62fdf1a8efd7deb6e49ac494394d8c0d.png', 'name': 'Maasai Beaded Collar Necklace', 'price': 45.0, 'product_id': '7edd1096-3e4a-4b2d-a9d1-d3d163ae8364', ...}, {'image': 'https://static.prod-images.emergentagent.com/jobs/a59af3ee-cb70-4fe2-b0fa-3dfc34b374c7/images/5136005a73e7dcd10b4284a4a60c9eb3bd7e54f93f0954c11840537ab883edad.png', 'name': 'Traditional Carved Wooden Mask', 'price': 125.0, 'product_id': 'cb426b1c-20bf-4521-8b55-3483db406c0b', ...}, {'image': 'https://static.prod-images.emergentagent.com/jobs/a59af3ee-cb70-4fe2-b0fa-3dfc34b374c7/images/83040dbb33da3add83f811386dd8ff8f0a20694c0708ccc205b7d60d9fdb52f2.png', 'name': 'Organic Shea Butter Skincare Set', 'price': 38.5, 'product_id': '491cabe9-2c89-4b32-8a6a-f7a06300b48e', ...}, {'image': 'https://static.prod-images.emergentagent.com/jobs/a59af3ee-cb70-4fe2-b0fa-3dfc34b374c7/images/303efb1d386e4e697693bf92b3cd4284943cb96796a3573b59372a005dd9f670.png', 'name': 'Kente Pattern Storage Basket', 'price': 55.0, 'product_id': '5a89deec-7583-45b9-b748-f1c0c65e62ee', ...}]}, list)</failure></testcase><testcase classname="backend.tests.test_iteration6.TestDeletePriceAlert" name="test_delete_price_alert" time="0.446"><failure message="KeyError: 0">backend/tests/test_iteration6.py:328: in test_delete_price_alert
    alert_id = alerts[0]["id"]
               ^^^^^^^^^
E   KeyError: 0</failure></testcase></testsuite></testsuites>