<?xml version="1.0" encoding="utf-8"?><testsuites name="pytest tests"><testsuite name="pytest" errors="0" failures="1" skipped="1" tests="24" time="2.675" timestamp="2026-02-18T05:32:00.288672+00:00" hostname="agent-env-c5ccf6fb-5a3e-4d6f-9b3e-e09ac58ae87f"><testcase classname="backend.tests.test_new_features.TestCurrencyAPI" name="test_get_currency_rates" time="0.169" /><testcase classname="backend.tests.test_new_features.TestCurrencyAPI" name="test_currency_conversion_usd_to_ngn" time="0.056" /><testcase classname="backend.tests.test_new_features.TestCurrencyAPI" name="test_currency_conversion_ngn_to_usd" time="0.051" /><testcase classname="backend.tests.test_new_features.TestCurrencyAPI" name="test_currency_conversion_eur_to_gbp" time="0.052" /><testcase classname="backend.tests.test_new_features.TestCurrencyAPI" name="test_currency_conversion_invalid_currency" time="0.052" /><testcase classname="backend.tests.test_new_features.TestCurrencyAPI" name="test_currency_detection" time="0.049" /><testcase classname="backend.tests.test_new_features.TestAdvancedSearch" name="test_product_search_basic" time="0.106" /><testcase classname="backend.tests.test_new_features.TestAdvancedSearch" name="test_product_search_with_query" time="0.054" /><testcase classname="backend.tests.test_new_features.TestAdvancedSearch" name="test_product_search_with_price_filter" time="0.055" /><testcase classname="backend.tests.test_new_features.TestAdvancedSearch" name="test_product_search_with_rating_filter" time="0.049" /><testcase classname="backend.tests.test_new_features.TestAdvancedSearch" name="test_product_search_sort_by_price_low" time="0.051" /><testcase classname="backend.tests.test_new_features.TestAdvancedSearch" name="test_product_search_sort_by_price_high" time="0.050" /><testcase classname="backend.tests.test_new_features.TestAdvancedSearch" name="test_service_search_basic" time="0.047" /><testcase classname="backend.tests.test_new_features.TestAdvancedSearch" name="test_service_search_with_filters" time="0.059" /><testcase classname="backend.tests.test_new_features.TestReviewsAPI" name="test_get_product_reviews" time="0.049" /><testcase classname="backend.tests.test_new_features.TestReviewsAPI" name="test_get_product_reviews_with_sort" time="0.371" /><testcase classname="backend.tests.test_new_features.TestReviewsAPI" name="test_get_service_reviews" time="0.116" /><testcase classname="backend.tests.test_new_features.TestReviewsAPI" name="test_get_vendor_reviews" time="0.063" /><testcase classname="backend.tests.test_new_features.TestReviewsAPI" name="test_create_review_requires_auth" time="0.075" /><testcase classname="backend.tests.test_new_features.TestReviewsAPI" name="test_create_review_requires_purchase" time="0.330" /><testcase classname="backend.tests.test_new_features.TestReviewsAPI" name="test_mark_review_helpful_requires_auth" time="0.051"><skipped type="pytest.skip" message="No reviews available for testing">/app/backend/tests/test_new_features.py:392: No reviews available for testing</skipped></testcase><testcase classname="backend.tests.test_new_features.TestVendorDeactivationEmail" name="test_deactivate_vendor_triggers_email_service" time="0.408"><failure message="AssertionError: assert 'Vendor deact... successfully' == 'Vendor deactivated'&#10;  &#10;  - Vendor deactivated&#10;  + Vendor deactivated successfully">backend/tests/test_new_features.py:436: in test_deactivate_vendor_triggers_email_service
    assert data.get("message") == "Vendor deactivated"
E   AssertionError: assert 'Vendor deact... successfully' == 'Vendor deactivated'
E     
E     - Vendor deactivated
E     + Vendor deactivated successfully</failure></testcase><testcase classname="backend.tests.test_new_features.TestIntegration" name="test_products_endpoint_includes_vendor_info" time="0.060" /><testcase classname="backend.tests.test_new_features.TestIntegration" name="test_full_search_workflow" time="0.101" /></testsuite></testsuites>