<?xml version="1.0" encoding="utf-8"?><testsuites name="pytest tests"><testsuite name="pytest" errors="0" failures="0" skipped="2" tests="24" time="2.340" timestamp="2026-02-18T05:32:12.619013+00:00" hostname="agent-env-c5ccf6fb-5a3e-4d6f-9b3e-e09ac58ae87f"><testcase classname="backend.tests.test_new_features.TestCurrencyAPI" name="test_get_currency_rates" time="0.138" /><testcase classname="backend.tests.test_new_features.TestCurrencyAPI" name="test_currency_conversion_usd_to_ngn" time="0.052" /><testcase classname="backend.tests.test_new_features.TestCurrencyAPI" name="test_currency_conversion_ngn_to_usd" time="0.050" /><testcase classname="backend.tests.test_new_features.TestCurrencyAPI" name="test_currency_conversion_eur_to_gbp" time="0.048" /><testcase classname="backend.tests.test_new_features.TestCurrencyAPI" name="test_currency_conversion_invalid_currency" time="0.051" /><testcase classname="backend.tests.test_new_features.TestCurrencyAPI" name="test_currency_detection" time="0.051" /><testcase classname="backend.tests.test_new_features.TestAdvancedSearch" name="test_product_search_basic" time="0.053" /><testcase classname="backend.tests.test_new_features.TestAdvancedSearch" name="test_product_search_with_query" time="0.050" /><testcase classname="backend.tests.test_new_features.TestAdvancedSearch" name="test_product_search_with_price_filter" time="0.062" /><testcase classname="backend.tests.test_new_features.TestAdvancedSearch" name="test_product_search_with_rating_filter" time="0.048" /><testcase classname="backend.tests.test_new_features.TestAdvancedSearch" name="test_product_search_sort_by_price_low" time="0.053" /><testcase classname="backend.tests.test_new_features.TestAdvancedSearch" name="test_product_search_sort_by_price_high" time="0.049" /><testcase classname="backend.tests.test_new_features.TestAdvancedSearch" name="test_service_search_basic" time="0.055" /><testcase classname="backend.tests.test_new_features.TestAdvancedSearch" name="test_service_search_with_filters" time="0.053" /><testcase classname="backend.tests.test_new_features.TestReviewsAPI" name="test_get_product_reviews" time="0.059" /><testcase classname="backend.tests.test_new_features.TestReviewsAPI" name="test_get_product_reviews_with_sort" time="0.257" /><testcase classname="backend.tests.test_new_features.TestReviewsAPI" name="test_get_service_reviews" time="0.051"><skipped type="pytest.skip" message="No services available for testing">/app/backend/tests/test_new_features.py:339: No services available for testing</skipped></testcase><testcase classname="backend.tests.test_new_features.TestReviewsAPI" name="test_get_vendor_reviews" time="0.048" /><testcase classname="backend.tests.test_new_features.TestReviewsAPI" name="test_create_review_requires_auth" time="0.055" /><testcase classname="backend.tests.test_new_features.TestReviewsAPI" name="test_create_review_requires_purchase" time="0.323" /><testcase classname="backend.tests.test_new_features.TestReviewsAPI" name="test_mark_review_helpful_requires_auth" time="0.060"><skipped type="pytest.skip" message="No reviews available for testing">/app/backend/tests/test_new_features.py:392: No reviews available for testing</skipped></testcase><testcase classname="backend.tests.test_new_features.TestVendorDeactivationEmail" name="test_deactivate_vendor_triggers_email_service" time="0.435" /><testcase classname="backend.tests.test_new_features.TestIntegration" name="test_products_endpoint_includes_vendor_info" time="0.049" /><testcase classname="backend.tests.test_new_features.TestIntegration" name="test_full_search_workflow" time="0.103" /></testsuite></testsuites>