<?xml version="1.0" encoding="utf-8"?><testsuites name="pytest tests"><testsuite name="pytest" errors="0" failures="0" skipped="0" tests="21" time="5.473" timestamp="2026-02-19T03:42:27.481434+00:00" hostname="agent-env-c3a35ed9-e5c1-4a6c-af70-d9d1de1627a7"><testcase classname="backend.tests.test_payout_scheduling.TestEarningsSummary" name="test_earnings_summary_returns_200" time="0.968" /><testcase classname="backend.tests.test_payout_scheduling.TestEarningsSummary" name="test_earnings_summary_has_required_fields" time="0.524" /><testcase classname="backend.tests.test_payout_scheduling.TestEarningsSummary" name="test_earnings_summary_has_payout_settings" time="0.434" /><testcase classname="backend.tests.test_payout_scheduling.TestEarningsSummary" name="test_earnings_summary_values_are_numbers" time="0.523" /><testcase classname="backend.tests.test_payout_scheduling.TestEarningsSummary" name="test_earnings_summary_requires_auth" time="0.182" /><testcase classname="backend.tests.test_payout_scheduling.TestPayoutSettingsGet" name="test_get_payout_settings_returns_200" time="0.104" /><testcase classname="backend.tests.test_payout_scheduling.TestPayoutSettingsGet" name="test_get_payout_settings_has_required_fields" time="0.110" /><testcase classname="backend.tests.test_payout_scheduling.TestPayoutSettingsGet" name="test_payout_settings_default_values" time="0.123" /><testcase classname="backend.tests.test_payout_scheduling.TestPayoutSettingsGet" name="test_get_payout_settings_requires_auth" time="0.110" /><testcase classname="backend.tests.test_payout_scheduling.TestPayoutSettingsPut" name="test_put_payout_settings_requires_stripe_setup" time="0.120" /><testcase classname="backend.tests.test_payout_scheduling.TestPayoutSettingsPut" name="test_put_payout_settings_validates_threshold" time="0.154" /><testcase classname="backend.tests.test_payout_scheduling.TestPayoutSettingsPut" name="test_put_payout_settings_requires_auth" time="0.112" /><testcase classname="backend.tests.test_payout_scheduling.TestPayoutHistory" name="test_payout_history_returns_200" time="0.123" /><testcase classname="backend.tests.test_payout_scheduling.TestPayoutHistory" name="test_payout_history_has_required_fields" time="0.117" /><testcase classname="backend.tests.test_payout_scheduling.TestPayoutHistory" name="test_payout_history_payouts_is_list" time="0.136" /><testcase classname="backend.tests.test_payout_scheduling.TestPayoutHistory" name="test_payout_history_supports_pagination" time="0.112" /><testcase classname="backend.tests.test_payout_scheduling.TestPayoutHistory" name="test_payout_history_requires_auth" time="0.114" /><testcase classname="backend.tests.test_payout_scheduling.TestRequestPayout" name="test_request_payout_requires_stripe_payouts_enabled" time="0.126" /><testcase classname="backend.tests.test_payout_scheduling.TestRequestPayout" name="test_request_payout_requires_auth" time="0.176" /><testcase classname="backend.tests.test_payout_scheduling.TestIntegration" name="test_earnings_and_settings_consistency" time="0.575" /><testcase classname="backend.tests.test_payout_scheduling.TestIntegration" name="test_earnings_payout_eligibility" time="0.459" /></testsuite></testsuites>