<?xml version="1.0" encoding="utf-8"?><testsuites name="pytest tests"><testsuite name="pytest" errors="0" failures="0" skipped="2" tests="11" time="1.937" timestamp="2026-02-19T06:29:49.509874+00:00" hostname="agent-env-07b2c3f8-6746-4f02-bc1c-072c9307b4d7"><testcase classname="tests.test_product_detail_p0_fix.TestProductDetailEndpoints" name="test_get_product_by_id" time="0.127" /><testcase classname="tests.test_product_detail_p0_fix.TestProductDetailEndpoints" name="test_get_product_not_found" time="0.139" /><testcase classname="tests.test_product_detail_p0_fix.TestProductDetailEndpoints" name="test_reviews_query_param_endpoint" time="0.111" /><testcase classname="tests.test_product_detail_p0_fix.TestProductDetailEndpoints" name="test_reviews_query_param_no_product_id" time="0.155" /><testcase classname="tests.test_product_detail_p0_fix.TestProductDetailEndpoints" name="test_reviews_path_param_endpoint" time="0.098" /><testcase classname="tests.test_product_detail_p0_fix.TestProductDetailEndpoints" name="test_get_products_list" time="0.107" /><testcase classname="tests.test_product_detail_p0_fix.TestProductDetailEndpoints" name="test_get_products_by_category" time="0.207" /><testcase classname="tests.test_product_detail_p0_fix.TestCartEndpoints" name="test_cart_add_unauthenticated" time="0.100" /><testcase classname="tests.test_product_detail_p0_fix.TestCartEndpoints" name="test_get_cart_unauthenticated" time="0.106" /><testcase classname="tests.test_product_detail_p0_fix.TestAuthenticatedCartFlow" name="test_add_to_cart_authenticated" time="0.356"><skipped type="pytest.skip" message="No token in login response">/app/backend/tests/test_product_detail_p0_fix.py:136: No token in login response</skipped></testcase><testcase classname="tests.test_product_detail_p0_fix.TestAuthenticatedCartFlow" name="test_get_cart_authenticated" time="0.346"><skipped type="pytest.skip" message="No token in login response">/app/backend/tests/test_product_detail_p0_fix.py:147: No token in login response</skipped></testcase></testsuite></testsuites>