<?xml version="1.0" encoding="utf-8"?><testsuites name="pytest tests"><testsuite name="pytest" errors="0" failures="0" skipped="0" tests="29" time="4.764" timestamp="2026-02-16T23:48:09.242637+00:00" hostname="agent-env-276ebe94-9ca6-4dc6-9cf4-ec6d502af973"><testcase classname="backend.tests.test_afrovending_api.TestHealthEndpoint" name="test_health_check_returns_200" time="0.160" /><testcase classname="backend.tests.test_afrovending_api.TestCategoriesEndpoint" name="test_get_all_categories" time="0.069" /><testcase classname="backend.tests.test_afrovending_api.TestCategoriesEndpoint" name="test_get_product_categories" time="0.095" /><testcase classname="backend.tests.test_afrovending_api.TestCategoriesEndpoint" name="test_get_service_categories" time="0.062" /><testcase classname="backend.tests.test_afrovending_api.TestCountriesEndpoint" name="test_get_all_countries" time="0.059" /><testcase classname="backend.tests.test_afrovending_api.TestProductsEndpoint" name="test_get_products_list" time="0.053" /><testcase classname="backend.tests.test_afrovending_api.TestProductsEndpoint" name="test_get_products_with_limit" time="0.058" /><testcase classname="backend.tests.test_afrovending_api.TestProductsEndpoint" name="test_get_products_with_search" time="0.058" /><testcase classname="backend.tests.test_afrovending_api.TestProductsEndpoint" name="test_get_products_with_price_filter" time="0.060" /><testcase classname="backend.tests.test_afrovending_api.TestServicesEndpoint" name="test_get_services_list" time="0.054" /><testcase classname="backend.tests.test_afrovending_api.TestServicesEndpoint" name="test_get_services_with_limit" time="0.057" /><testcase classname="backend.tests.test_afrovending_api.TestVendorsEndpoint" name="test_get_vendors_list" time="0.077" /><testcase classname="backend.tests.test_afrovending_api.TestVendorsEndpoint" name="test_get_approved_vendors" time="1.246" /><testcase classname="backend.tests.test_afrovending_api.TestPlatformStatsEndpoint" name="test_get_platform_stats" time="0.070" /><testcase classname="backend.tests.test_afrovending_api.TestAuthEndpoints" name="test_vendor_login_success" time="0.324" /><testcase classname="backend.tests.test_afrovending_api.TestAuthEndpoints" name="test_admin_login_success" time="0.304" /><testcase classname="backend.tests.test_afrovending_api.TestAuthEndpoints" name="test_login_invalid_credentials" time="0.055" /><testcase classname="backend.tests.test_afrovending_api.TestAuthEndpoints" name="test_register_new_customer" time="0.289" /><testcase classname="backend.tests.test_afrovending_api.TestAuthEndpoints" name="test_register_duplicate_email_fails" time="0.079" /><testcase classname="backend.tests.test_afrovending_api.TestAuthenticatedEndpoints" name="test_get_current_user" time="0.333" /><testcase classname="backend.tests.test_afrovending_api.TestAuthenticatedEndpoints" name="test_unauthorized_access" time="0.075" /><testcase classname="backend.tests.test_afrovending_api.TestCartEndpoints" name="test_get_empty_cart" time="0.049" /><testcase classname="backend.tests.test_afrovending_api.TestVendorEndpoints" name="test_get_vendor_orders" time="0.089" /><testcase classname="backend.tests.test_afrovending_api.TestVendorEndpoints" name="test_get_vendor_bookings" time="0.076" /><testcase classname="backend.tests.test_afrovending_api.TestAdminEndpoints" name="test_get_admin_stats" time="0.426" /><testcase classname="backend.tests.test_afrovending_api.TestAdminEndpoints" name="test_get_admin_users" time="0.103" /><testcase classname="backend.tests.test_afrovending_api.TestAdminEndpoints" name="test_non_admin_cannot_access_admin_stats" time="0.083" /><testcase classname="backend.tests.test_afrovending_api.TestReviewsEndpoint" name="test_get_reviews" time="0.093" /><testcase classname="backend.tests.test_afrovending_api.TestMessagingEndpoints" name="test_get_conversations" time="0.081" /></testsuite></testsuites>