<?xml version="1.0" encoding="utf-8"?><testsuites name="pytest tests"><testsuite name="pytest" errors="0" failures="2" skipped="0" tests="16" time="5.246" timestamp="2026-02-19T03:52:09.627542+00:00" hostname="agent-env-c3a35ed9-e5c1-4a6c-af70-d9d1de1627a7"><testcase classname="tests.test_scheduler_and_webhooks.TestSchedulerEndpoints" name="test_scheduler_status_returns_running" time="0.459" /><testcase classname="tests.test_scheduler_and_webhooks.TestSchedulerEndpoints" name="test_scheduler_status_shows_payout_job" time="0.381" /><testcase classname="tests.test_scheduler_and_webhooks.TestSchedulerEndpoints" name="test_manual_payout_trigger_works" time="0.413" /><testcase classname="tests.test_scheduler_and_webhooks.TestSchedulerEndpoints" name="test_scheduler_logs_endpoint" time="0.431" /><testcase classname="tests.test_scheduler_and_webhooks.TestSchedulerEndpoints" name="test_scheduler_logs_limit_parameter" time="0.458" /><testcase classname="tests.test_scheduler_and_webhooks.TestSchedulerEndpoints" name="test_scheduler_endpoints_require_admin" time="0.632" /><testcase classname="tests.test_scheduler_and_webhooks.TestSchedulerEndpoints" name="test_scheduler_endpoints_reject_vendor" time="0.743" /><testcase classname="tests.test_scheduler_and_webhooks.TestStripeWebhooks" name="test_webhook_endpoint_exists" time="0.114" /><testcase classname="tests.test_scheduler_and_webhooks.TestStripeWebhooks" name="test_webhook_payout_paid_event" time="0.121" /><testcase classname="tests.test_scheduler_and_webhooks.TestStripeWebhooks" name="test_webhook_payout_failed_event" time="0.127" /><testcase classname="tests.test_scheduler_and_webhooks.TestStripeWebhooks" name="test_webhook_payout_canceled_event" time="0.108" /><testcase classname="tests.test_scheduler_and_webhooks.TestStripeWebhooks" name="test_webhook_account_updated_event" time="0.108" /><testcase classname="tests.test_scheduler_and_webhooks.TestStripeWebhooks" name="test_webhook_invalid_payload" time="0.108"><failure message="AssertionError: Should reject invalid JSON: 520&#10;assert 520 in [400, 422, 500]&#10; +  where 520 = &lt;Response [520]&gt;.status_code">tests/test_scheduler_and_webhooks.py:299: in test_webhook_invalid_payload
    assert response.status_code in [400, 422, 500], f"Should reject invalid JSON: {response.status_code}"
E   AssertionError: Should reject invalid JSON: 520
E   assert 520 in [400, 422, 500]
E    +  where 520 = &lt;Response [520]&gt;.status_code</failure></testcase><testcase classname="tests.test_scheduler_and_webhooks.TestPayoutEmailTemplates" name="test_payout_emails_module_imports" time="0.502" /><testcase classname="tests.test_scheduler_and_webhooks.TestBackendStartup" name="test_health_check" time="0.101"><failure message="AssertionError: Backend should be running: 404&#10;assert 404 == 200&#10; +  where 404 = &lt;Response [404]&gt;.status_code">tests/test_scheduler_and_webhooks.py:353: in test_health_check
    assert response.status_code == 200, f"Backend should be running: {response.status_code}"
E   AssertionError: Backend should be running: 404
E   assert 404 == 200
E    +  where 404 = &lt;Response [404]&gt;.status_code</failure></testcase><testcase classname="tests.test_scheduler_and_webhooks.TestBackendStartup" name="test_admin_login_works" time="0.349" /></testsuite></testsuites>