<?xml version="1.0" encoding="utf-8"?><testsuites name="pytest tests"><testsuite name="pytest" errors="0" failures="0" skipped="0" tests="16" time="5.531" timestamp="2026-02-19T03:52:30.075965+00:00" hostname="agent-env-c3a35ed9-e5c1-4a6c-af70-d9d1de1627a7"><testcase classname="tests.test_scheduler_and_webhooks.TestSchedulerEndpoints" name="test_scheduler_status_returns_running" time="0.448" /><testcase classname="tests.test_scheduler_and_webhooks.TestSchedulerEndpoints" name="test_scheduler_status_shows_payout_job" time="0.481" /><testcase classname="tests.test_scheduler_and_webhooks.TestSchedulerEndpoints" name="test_manual_payout_trigger_works" time="0.460" /><testcase classname="tests.test_scheduler_and_webhooks.TestSchedulerEndpoints" name="test_scheduler_logs_endpoint" time="0.425" /><testcase classname="tests.test_scheduler_and_webhooks.TestSchedulerEndpoints" name="test_scheduler_logs_limit_parameter" time="0.431" /><testcase classname="tests.test_scheduler_and_webhooks.TestSchedulerEndpoints" name="test_scheduler_endpoints_require_admin" time="0.634" /><testcase classname="tests.test_scheduler_and_webhooks.TestSchedulerEndpoints" name="test_scheduler_endpoints_reject_vendor" time="0.794" /><testcase classname="tests.test_scheduler_and_webhooks.TestStripeWebhooks" name="test_webhook_endpoint_exists" time="0.135" /><testcase classname="tests.test_scheduler_and_webhooks.TestStripeWebhooks" name="test_webhook_payout_paid_event" time="0.125" /><testcase classname="tests.test_scheduler_and_webhooks.TestStripeWebhooks" name="test_webhook_payout_failed_event" time="0.140" /><testcase classname="tests.test_scheduler_and_webhooks.TestStripeWebhooks" name="test_webhook_payout_canceled_event" time="0.146" /><testcase classname="tests.test_scheduler_and_webhooks.TestStripeWebhooks" name="test_webhook_account_updated_event" time="0.110" /><testcase classname="tests.test_scheduler_and_webhooks.TestStripeWebhooks" name="test_webhook_invalid_payload" time="0.133" /><testcase classname="tests.test_scheduler_and_webhooks.TestPayoutEmailTemplates" name="test_payout_emails_module_imports" time="0.459" /><testcase classname="tests.test_scheduler_and_webhooks.TestBackendStartup" name="test_health_check" time="0.148" /><testcase classname="tests.test_scheduler_and_webhooks.TestBackendStartup" name="test_admin_login_works" time="0.385" /></testsuite></testsuites>