<?xml version="1.0" encoding="utf-8"?><testsuites name="pytest tests"><testsuite name="pytest" errors="0" failures="0" skipped="0" tests="17" time="2.898" timestamp="2026-02-19T07:18:05.489650+00:00" hostname="agent-env-07b2c3f8-6746-4f02-bc1c-072c9307b4d7"><testcase classname="backend.tests.test_shipping_notifications_v14.TestShippingCountries" name="test_get_all_countries" time="0.125" /><testcase classname="backend.tests.test_shipping_notifications_v14.TestShippingCountries" name="test_get_countries_by_region" time="0.098" /><testcase classname="backend.tests.test_shipping_notifications_v14.TestShippingCountries" name="test_country_data_structure" time="0.097" /><testcase classname="backend.tests.test_shipping_notifications_v14.TestShippingEstimates" name="test_estimate_africa_region" time="0.095" /><testcase classname="backend.tests.test_shipping_notifications_v14.TestShippingEstimates" name="test_estimate_north_america_region" time="0.111" /><testcase classname="backend.tests.test_shipping_notifications_v14.TestShippingEstimates" name="test_estimate_europe_region" time="0.094" /><testcase classname="backend.tests.test_shipping_notifications_v14.TestShippingEstimates" name="test_estimate_asia_region" time="0.104" /><testcase classname="backend.tests.test_shipping_notifications_v14.TestShippingEstimates" name="test_estimate_unsupported_country" time="0.095" /><testcase classname="backend.tests.test_shipping_notifications_v14.TestShippingRegions" name="test_get_regions_with_rates" time="0.101" /><testcase classname="backend.tests.test_shipping_notifications_v14.TestCountryDetection" name="test_detect_country_default" time="0.205" /><testcase classname="backend.tests.test_shipping_notifications_v14.TestCountryDetection" name="test_detect_country_with_ip" time="0.150" /><testcase classname="backend.tests.test_shipping_notifications_v14.TestAdminNotificationCenter" name="test_get_notifications" time="0.439" /><testcase classname="backend.tests.test_shipping_notifications_v14.TestAdminNotificationCenter" name="test_notification_structure" time="0.104" /><testcase classname="backend.tests.test_shipping_notifications_v14.TestAdminNotificationCenter" name="test_mark_notification_read" time="0.099" /><testcase classname="backend.tests.test_shipping_notifications_v14.TestAdminNotificationCenter" name="test_notification_center_requires_auth" time="0.094" /><testcase classname="backend.tests.test_shipping_notifications_v14.TestAdminNotificationCenter" name="test_notification_center_requires_admin" time="0.451" /><testcase classname="backend.tests.test_shipping_notifications_v14.TestAddressVerification" name="test_verify_address_basic" time="0.351" /></testsuite></testsuites>