<?xml version="1.0" encoding="utf-8"?><testsuites name="pytest tests"><testsuite name="pytest" errors="0" failures="0" skipped="0" tests="15" time="10.625" timestamp="2026-02-19T03:33:18.675991+00:00" hostname="agent-env-c3a35ed9-e5c1-4a6c-af70-d9d1de1627a7"><testcase classname="tests.test_stripe_connect.TestStripeConnectAPIs" name="test_account_status_endpoint" time="1.065" /><testcase classname="tests.test_stripe_connect.TestStripeConnectAPIs" name="test_onboarding_status_endpoint" time="0.385" /><testcase classname="tests.test_stripe_connect.TestStripeConnectAPIs" name="test_identity_status_endpoint" time="0.581" /><testcase classname="tests.test_stripe_connect.TestStripeConnectAPIs" name="test_tax_information_update" time="1.655" /><testcase classname="tests.test_stripe_connect.TestStripeConnectAPIs" name="test_stripe_connect_account_creation" time="0.414" /><testcase classname="tests.test_stripe_connect.TestStripeConnectAPIs" name="test_stripe_onboarding_link" time="1.408" /><testcase classname="tests.test_stripe_connect.TestStripeConnectAPIs" name="test_identity_verification_session" time="0.800" /><testcase classname="tests.test_stripe_connect.TestStripeConnectAPIs" name="test_payout_balance_endpoint" time="0.735" /><testcase classname="tests.test_stripe_connect.TestVendorOnboardingWizard" name="test_vendor_profile_fetch" time="0.409" /><testcase classname="tests.test_stripe_connect.TestVendorOnboardingWizard" name="test_vendor_profile_update" time="0.402" /><testcase classname="tests.test_stripe_connect.TestVendorOnboardingWizard" name="test_wizard_step_completion_tracking" time="0.444" /><testcase classname="tests.test_stripe_connect.TestStoreSettingsTabs" name="test_profile_tab_data" time="0.388" /><testcase classname="tests.test_stripe_connect.TestStoreSettingsTabs" name="test_payment_tab_data" time="0.851" /><testcase classname="tests.test_stripe_connect.TestStoreSettingsTabs" name="test_identity_tab_data" time="0.613" /><testcase classname="tests.test_stripe_connect.TestStoreSettingsTabs" name="test_tax_tab_data" time="0.400" /></testsuite></testsuites>