<?xml version="1.0" encoding="utf-8"?><testsuites name="pytest tests"><testsuite name="pytest" errors="0" failures="0" skipped="0" tests="12" time="4.369" timestamp="2026-02-19T03:17:30.888611+00:00" hostname="agent-env-c3a35ed9-e5c1-4a6c-af70-d9d1de1627a7"><testcase classname="tests.test_vendor_dashboard.TestVendorAuth" name="test_vendor_login_success" time="0.409" /><testcase classname="tests.test_vendor_dashboard.TestVendorAuth" name="test_vendor_login_invalid_password" time="0.324" /><testcase classname="tests.test_vendor_dashboard.TestVendorProducts" name="test_get_vendor_products" time="0.487" /><testcase classname="tests.test_vendor_dashboard.TestVendorProducts" name="test_vendor_products_requires_auth" time="0.107" /><testcase classname="tests.test_vendor_dashboard.TestVendorProfile" name="test_get_vendor_profile" time="0.443" /><testcase classname="tests.test_vendor_dashboard.TestVendorProfile" name="test_update_vendor_profile" time="0.731" /><testcase classname="tests.test_vendor_dashboard.TestVendorProfile" name="test_vendor_profile_requires_auth" time="0.145" /><testcase classname="tests.test_vendor_dashboard.TestCategories" name="test_get_product_categories" time="0.103" /><testcase classname="tests.test_vendor_dashboard.TestRecentlySold" name="test_recently_sold_has_product_images" time="0.119" /><testcase classname="tests.test_vendor_dashboard.TestProductCRUD" name="test_create_product_with_all_fields" time="0.725" /><testcase classname="tests.test_vendor_dashboard.TestProductCRUD" name="test_create_product_requires_auth" time="0.252" /><testcase classname="tests.test_vendor_dashboard.TestCloudinaryIntegration" name="test_cloudinary_signature_endpoint" time="0.429" /></testsuite></testsuites>