<?xml version="1.0" encoding="utf-8"?><testsuites name="pytest tests"><testsuite name="pytest" errors="0" failures="0" skipped="0" tests="26" time="2.593" timestamp="2026-02-18T05:49:17.264938+00:00" hostname="agent-env-c5ccf6fb-5a3e-4d6f-9b3e-e09ac58ae87f"><testcase classname="backend.tests.test_wishlist_orders_currency.TestWishlistAPI" name="test_get_wishlist_requires_auth" time="0.127" /><testcase classname="backend.tests.test_wishlist_orders_currency.TestWishlistAPI" name="test_get_wishlist_authenticated" time="0.327" /><testcase classname="backend.tests.test_wishlist_orders_currency.TestWishlistAPI" name="test_add_to_wishlist_requires_auth" time="0.047" /><testcase classname="backend.tests.test_wishlist_orders_currency.TestWishlistAPI" name="test_add_to_wishlist_missing_ids" time="0.049" /><testcase classname="backend.tests.test_wishlist_orders_currency.TestWishlistAPI" name="test_add_to_wishlist_nonexistent_product" time="0.046" /><testcase classname="backend.tests.test_wishlist_orders_currency.TestWishlistAPI" name="test_add_duplicate_to_wishlist" time="0.146" /><testcase classname="backend.tests.test_wishlist_orders_currency.TestWishlistAPI" name="test_check_wishlist_product" time="0.060" /><testcase classname="backend.tests.test_wishlist_orders_currency.TestWishlistAPI" name="test_remove_from_wishlist_by_item_id" time="0.196" /><testcase classname="backend.tests.test_wishlist_orders_currency.TestWishlistAPI" name="test_remove_from_wishlist_by_product_id" time="0.207" /><testcase classname="backend.tests.test_wishlist_orders_currency.TestWishlistAPI" name="test_move_to_cart_from_wishlist" time="0.202" /><testcase classname="backend.tests.test_wishlist_orders_currency.TestOrderHistoryAPI" name="test_get_order_history_requires_auth" time="0.046" /><testcase classname="backend.tests.test_wishlist_orders_currency.TestOrderHistoryAPI" name="test_get_order_history_authenticated" time="0.050" /><testcase classname="backend.tests.test_wishlist_orders_currency.TestOrderHistoryAPI" name="test_order_history_pagination" time="0.051" /><testcase classname="backend.tests.test_wishlist_orders_currency.TestOrderHistoryAPI" name="test_order_history_status_filter" time="0.263" /><testcase classname="backend.tests.test_wishlist_orders_currency.TestOrderTimelineAPI" name="test_get_order_timeline_requires_auth" time="0.053" /><testcase classname="backend.tests.test_wishlist_orders_currency.TestOrderTimelineAPI" name="test_get_order_timeline_not_found" time="0.060" /><testcase classname="backend.tests.test_wishlist_orders_currency.TestOrderTimelineAPI" name="test_get_order_detail_requires_auth" time="0.049" /><testcase classname="backend.tests.test_wishlist_orders_currency.TestOrderTimelineAPI" name="test_get_order_detail_not_found" time="0.060" /><testcase classname="backend.tests.test_wishlist_orders_currency.TestLiveCurrencyAPI" name="test_get_live_rates" time="0.050" /><testcase classname="backend.tests.test_wishlist_orders_currency.TestLiveCurrencyAPI" name="test_live_currency_conversion_usd_to_ngn" time="0.053" /><testcase classname="backend.tests.test_wishlist_orders_currency.TestLiveCurrencyAPI" name="test_live_currency_conversion_ngn_to_usd" time="0.055" /><testcase classname="backend.tests.test_wishlist_orders_currency.TestLiveCurrencyAPI" name="test_live_currency_conversion_eur_to_gbp" time="0.053" /><testcase classname="backend.tests.test_wishlist_orders_currency.TestLiveCurrencyAPI" name="test_live_currency_conversion_invalid_currency" time="0.049" /><testcase classname="backend.tests.test_wishlist_orders_currency.TestLiveCurrencyAPI" name="test_live_rates_caching" time="0.093" /><testcase classname="backend.tests.test_wishlist_orders_currency.TestWishlistOrderIntegration" name="test_wishlist_product_enrichment" time="0.051" /><testcase classname="backend.tests.test_wishlist_orders_currency.TestWishlistOrderIntegration" name="test_currency_context_integration" time="0.088" /></testsuite></testsuites>